2017-07-12T14:08:30.285Z - info: Iniciando Serviço de Obtenção dos arquivos dos REPs: 
2017-07-12T14:08:30.291Z - info: #Iniciando request:  2017-07-12T14:08:30.287Z
2017-07-12T14:08:30.298Z - info: saiu da função getFileRequest
2017-07-12T14:08:30.822Z - info: Entrou na getFeriadosAssync
2017-07-12T14:08:38.601Z - info: Entrou no feriado.find: 
2017-07-12T14:08:38.601Z - info: retornou os feriados:  9
2017-07-12T14:08:38.602Z - info: Hora do readFile!
2017-07-12T14:08:38.608Z - info: Quantidade de marcações:  21
2017-07-12T14:08:38.608Z - info: hashMapSize:  16
2017-07-12T14:08:38.619Z - info: pisDateMap Hash length:  15
2017-07-12T14:08:38.628Z - info: itemsProcessed:  1
2017-07-12T14:08:38.628Z - info: itemsProcessed:  2
2017-07-12T14:08:38.629Z - info: itemsProcessed:  3
2017-07-12T14:08:38.629Z - info: itemsProcessed:  4
2017-07-12T14:08:38.629Z - info: itemsProcessed:  5
2017-07-12T14:08:38.629Z - info: itemsProcessed:  6
2017-07-12T14:08:38.629Z - info: itemsProcessed:  7
2017-07-12T14:08:38.629Z - info: itemsProcessed:  8
2017-07-12T14:08:38.630Z - info: itemsProcessed:  9
2017-07-12T14:08:38.630Z - info: itemsProcessed:  10
2017-07-12T14:08:38.630Z - info: itemsProcessed:  11
2017-07-12T14:08:38.630Z - info: itemsProcessed:  12
2017-07-12T14:08:38.630Z - info: itemsProcessed:  13
2017-07-12T14:08:38.631Z - info: itemsProcessed:  14
2017-07-12T14:08:38.631Z - info: itemsProcessed:  15
2017-07-12T14:08:38.631Z - info: itemsProcessed:  16
2017-07-12T14:08:38.631Z - warn: ## Terminou tudo, chamaria o callback ##
2017-07-12T14:08:40.267Z - error: Funcionário não encontrado na base, PIS:  020068297534
2017-07-12T14:08:40.273Z - error: Funcionário não encontrado na base, PIS:  020310406654
2017-07-12T14:08:40.273Z - error: Funcionário não encontrado na base, PIS:  020033380400
2017-07-12T14:08:40.274Z - error: Funcionário não encontrado na base, PIS:  012592357450
2017-07-12T14:08:40.291Z - error: Funcionário não encontrado na base, PIS:  021293743358
2017-07-12T14:08:40.291Z - error: Funcionário não encontrado na base, PIS:  013468620453
2017-07-12T14:08:40.300Z - error: Funcionário não encontrado na base, PIS:  021077579359
2017-07-12T14:08:40.301Z - error: Funcionário não encontrado na base, PIS:  013284107451
2017-07-12T14:08:40.301Z - error: Funcionário não encontrado na base, PIS:  012688520190
2017-07-12T14:08:40.301Z - error: Funcionário não encontrado na base, PIS:  013196341452
2017-07-12T14:08:40.301Z - error: Funcionário não encontrado na base, PIS:  013678560457
2017-07-12T14:08:40.307Z - error: Funcionário não encontrado na base, PIS:  013158311452
2017-07-12T14:08:40.307Z - error: Funcionário não encontrado na base, PIS:  016140274800
2017-07-12T14:08:40.307Z - error: Funcionário não encontrado na base, PIS:  016573722931
2017-07-12T14:08:40.742Z - info: saveOrUpdateAssyncApontamento para o funcionario:  Cristiano Ronaldo
2017-07-12T14:08:40.751Z - error: Não criou o apontamento pois a data é inválida (antes da data de admissão ou maior que a data corrente). 2017-03-24T03:00:00.000Z
2017-07-12T14:08:40.755Z - info: saveOrUpdateAssyncApontamento para o funcionario:  Cristiano Ronaldo
2017-07-12T14:08:40.967Z - info: ## Criando apontamento com a data:  2017-07-11T03:00:00.000Z
2017-07-12T14:08:40.969Z - info: vai criar o apontamento:  2017-07-11T03:00:00.000Z
2017-07-12T14:08:41.228Z - info: Apontamento criado com sucesso!. id:  _bsontype=ObjectID, 0=89, 1=102, 2=45, 3=104, 4=134, 5=247, 6=62, 7=27, 8=72, 9=200, 10=56, 11=61
