2017-05-22T13:36:49.166Z - info: Iniciando Serviço de Obtenção dos arquivos dos REPs: 
2017-05-22T13:36:49.170Z - info: #Iniciando request:  2017-05-22T13:36:49.167Z
2017-05-22T13:36:49.175Z - info: saiu da função getFileRequest
2017-05-22T13:36:50.554Z - info: Entrou na getFeriadosAssync
2017-05-22T13:36:54.913Z - info: Entrou no feriado.find: 
2017-05-22T13:36:54.914Z - info: retornou os feriados:  9
2017-05-22T13:36:54.915Z - info: Hora do readFile!
2017-05-22T13:36:54.920Z - info: Quantidade de marcações:  23
2017-05-22T13:36:54.920Z - info: hashMapSize:  12
2017-05-22T13:36:54.927Z - info: pisDateMap Hash length:  7
2017-05-22T13:36:54.936Z - info: itemsProcessed:  1
2017-05-22T13:36:54.936Z - info: itemsProcessed:  2
2017-05-22T13:36:54.936Z - info: itemsProcessed:  3
2017-05-22T13:36:54.936Z - info: itemsProcessed:  4
2017-05-22T13:36:54.936Z - info: itemsProcessed:  5
2017-05-22T13:36:54.937Z - info: itemsProcessed:  6
2017-05-22T13:36:54.937Z - info: itemsProcessed:  7
2017-05-22T13:36:54.937Z - info: itemsProcessed:  8
2017-05-22T13:36:54.937Z - info: itemsProcessed:  9
2017-05-22T13:36:54.937Z - info: itemsProcessed:  10
2017-05-22T13:36:54.937Z - info: itemsProcessed:  11
2017-05-22T13:36:54.937Z - info: itemsProcessed:  12
2017-05-22T13:36:54.937Z - warn: ## Terminou tudo, chamaria o callback ##
2017-05-22T13:36:56.012Z - error: Funcionário não encontrado na base, PIS:  020068297534
2017-05-22T13:36:56.013Z - error: Funcionário não encontrado na base, PIS:  021077579359
2017-05-22T13:36:56.013Z - error: Funcionário não encontrado na base, PIS:  013158311452
2017-05-22T13:36:56.014Z - error: Funcionário não encontrado na base, PIS:  013196341452
2017-05-22T13:36:56.022Z - error: Funcionário não encontrado na base, PIS:  020310406654
2017-05-22T13:36:56.022Z - error: Funcionário não encontrado na base, PIS:  013678560457
2017-05-22T13:36:56.369Z - info: saveOrUpdateAssyncApontamento para o funcionario:  Cristiano Ronaldo
2017-05-22T13:36:56.377Z - info: saveOrUpdateAssyncApontamento para o funcionario:  Cristiano Ronaldo
2017-05-22T13:36:56.379Z - info: saveOrUpdateAssyncApontamento para o funcionario:  Cristiano Ronaldo
2017-05-22T13:36:56.380Z - info: saveOrUpdateAssyncApontamento para o funcionario:  Cristiano Ronaldo
2017-05-22T13:36:56.380Z - error: Não criou o apontamento pois a data é inválida (antes da data de admissão ou maior que a data corrente). 2017-03-24T03:00:00.000Z
2017-05-22T13:36:56.381Z - info: saveOrUpdateAssyncApontamento para o funcionario:  Cristiano Ronaldo
2017-05-22T13:36:56.388Z - info: saveOrUpdateAssyncApontamento para o funcionario:  Cristiano Ronaldo
2017-05-22T13:36:56.595Z - info: ## Criando apontamento com a data:  2017-05-20T03:00:00.000Z
2017-05-22T13:36:56.599Z - info: vai criar o apontamento:  2017-05-20T03:00:00.000Z
2017-05-22T13:36:56.619Z - info: ## Criando apontamento com a data:  2017-05-22T03:00:00.000Z
2017-05-22T13:36:56.619Z - info: vai criar o apontamento:  2017-05-22T03:00:00.000Z
2017-05-22T13:36:56.743Z - info: #atualização, marcações recebidas size:  3
2017-05-22T13:36:56.744Z - info: ## Atualizando apontamento com a data:  2017-05-19T03:00:00.000Z
2017-05-22T13:36:56.803Z - info: #atualização, marcações recebidas size:  6
2017-05-22T13:36:56.804Z - info: ## Atualizando apontamento com a data:  2017-05-17T03:00:00.000Z
2017-05-22T13:36:56.807Z - info: #atualização, marcações recebidas size:  4
2017-05-22T13:36:56.807Z - info: ## Atualizando apontamento com a data:  2017-05-18T03:00:00.000Z
2017-05-22T13:36:56.823Z - info: Apontamento criado com sucesso!. id:  _bsontype=ObjectID, 0=89, 1=34, 2=233, 3=120, 4=52, 5=127, 6=191, 7=26, 8=173, 9=208, 10=126, 11=245
2017-05-22T13:36:56.825Z - info: Apontamento criado com sucesso!. id:  _bsontype=ObjectID, 0=89, 1=34, 2=233, 3=120, 4=52, 5=127, 6=191, 7=26, 8=173, 9=208, 10=126, 11=248
2017-05-22T13:36:56.929Z - info: apontamento atualizado com sucesso
2017-05-22T13:36:57.340Z - info: apontamento atualizado com sucesso
2017-05-22T13:36:57.354Z - info: apontamento atualizado com sucesso
2017-05-22T13:41:54.939Z - info: #Iniciando request:  2017-05-22T13:41:54.939Z
2017-05-22T13:41:54.942Z - info: saiu da função getFileRequest
2017-05-22T13:41:56.336Z - info: Entrou na getFeriadosAssync
2017-05-22T13:41:56.499Z - info: Entrou no feriado.find: 
2017-05-22T13:41:56.499Z - info: retornou os feriados:  9
2017-05-22T13:41:56.499Z - info: Hora do readFile!
2017-05-22T13:41:56.502Z - info: Quantidade de marcações:  23
2017-05-22T13:41:56.502Z - info: hashMapSize:  12
2017-05-22T13:41:56.506Z - info: pisDateMap Hash length:  7
2017-05-22T13:41:56.513Z - info: itemsProcessed:  1
2017-05-22T13:41:56.513Z - info: itemsProcessed:  2
2017-05-22T13:41:56.513Z - info: itemsProcessed:  3
2017-05-22T13:41:56.513Z - info: itemsProcessed:  4
2017-05-22T13:41:56.513Z - info: itemsProcessed:  5
2017-05-22T13:41:56.513Z - info: itemsProcessed:  6
2017-05-22T13:41:56.513Z - info: itemsProcessed:  7
2017-05-22T13:41:56.514Z - info: itemsProcessed:  8
2017-05-22T13:41:56.514Z - info: itemsProcessed:  9
2017-05-22T13:41:56.514Z - info: itemsProcessed:  10
2017-05-22T13:41:56.515Z - info: itemsProcessed:  11
2017-05-22T13:41:56.515Z - info: itemsProcessed:  12
2017-05-22T13:41:56.515Z - warn: ## Terminou tudo, chamaria o callback ##
2017-05-22T13:41:56.675Z - error: Funcionário não encontrado na base, PIS:  020068297534
2017-05-22T13:42:00.198Z - error: Funcionário não encontrado na base, PIS:  021077579359
2017-05-22T13:42:00.199Z - error: Funcionário não encontrado na base, PIS:  013196341452
2017-05-22T13:42:00.199Z - error: Funcionário não encontrado na base, PIS:  013678560457
2017-05-22T13:42:00.200Z - error: Funcionário não encontrado na base, PIS:  020310406654
2017-05-22T13:42:00.200Z - error: Funcionário não encontrado na base, PIS:  013158311452
2017-05-22T13:42:00.813Z - info: saveOrUpdateAssyncApontamento para o funcionario:  Cristiano Ronaldo
2017-05-22T13:42:00.818Z - info: saveOrUpdateAssyncApontamento para o funcionario:  Cristiano Ronaldo
2017-05-22T13:42:00.820Z - info: saveOrUpdateAssyncApontamento para o funcionario:  Cristiano Ronaldo
2017-05-22T13:42:00.820Z - error: Não criou o apontamento pois a data é inválida (antes da data de admissão ou maior que a data corrente). 2017-03-24T03:00:00.000Z
2017-05-22T13:42:01.070Z - info: saveOrUpdateAssyncApontamento para o funcionario:  Cristiano Ronaldo
2017-05-22T13:42:01.072Z - info: saveOrUpdateAssyncApontamento para o funcionario:  Cristiano Ronaldo
2017-05-22T13:42:01.073Z - info: saveOrUpdateAssyncApontamento para o funcionario:  Cristiano Ronaldo
2017-05-22T13:42:01.317Z - info: #atualização, marcações recebidas size:  1
2017-05-22T13:42:01.318Z - info: ## Atualizando apontamento com a data:  2017-05-22T03:00:00.000Z
2017-05-22T13:42:01.405Z - info: #atualização, marcações recebidas size:  2
2017-05-22T13:42:01.405Z - info: ## Atualizando apontamento com a data:  2017-05-20T03:00:00.000Z
2017-05-22T13:42:01.583Z - info: apontamento atualizado com sucesso
2017-05-22T13:42:01.592Z - info: #atualização, marcações recebidas size:  3
2017-05-22T13:42:01.592Z - info: ## Atualizando apontamento com a data:  2017-05-19T03:00:00.000Z
2017-05-22T13:42:01.598Z - info: #atualização, marcações recebidas size:  4
2017-05-22T13:42:01.598Z - info: ## Atualizando apontamento com a data:  2017-05-18T03:00:00.000Z
2017-05-22T13:42:01.604Z - info: #atualização, marcações recebidas size:  6
2017-05-22T13:42:01.604Z - info: ## Atualizando apontamento com a data:  2017-05-17T03:00:00.000Z
2017-05-22T13:42:01.624Z - info: apontamento atualizado com sucesso
2017-05-22T13:42:02.220Z - info: apontamento atualizado com sucesso
2017-05-22T13:42:02.374Z - info: apontamento atualizado com sucesso
2017-05-22T13:42:02.459Z - info: apontamento atualizado com sucesso
2017-05-22T13:46:56.518Z - info: #Iniciando request:  2017-05-22T13:46:56.518Z
2017-05-22T13:46:56.520Z - info: saiu da função getFileRequest
2017-05-22T13:46:57.970Z - info: Entrou na getFeriadosAssync
2017-05-22T13:46:58.423Z - info: Entrou no feriado.find: 
2017-05-22T13:46:58.423Z - info: retornou os feriados:  9
2017-05-22T13:46:58.423Z - info: Hora do readFile!
2017-05-22T13:46:58.424Z - info: Quantidade de marcações:  31
2017-05-22T13:46:58.424Z - info: hashMapSize:  14
2017-05-22T13:46:58.427Z - info: pisDateMap Hash length:  7
2017-05-22T13:46:58.436Z - info: itemsProcessed:  1
2017-05-22T13:46:58.436Z - info: itemsProcessed:  2
2017-05-22T13:46:58.436Z - info: itemsProcessed:  3
2017-05-22T13:46:58.436Z - info: itemsProcessed:  4
2017-05-22T13:46:58.436Z - info: itemsProcessed:  5
2017-05-22T13:46:58.437Z - info: itemsProcessed:  6
2017-05-22T13:46:58.437Z - info: itemsProcessed:  7
2017-05-22T13:46:58.437Z - info: itemsProcessed:  8
2017-05-22T13:46:58.439Z - info: itemsProcessed:  9
2017-05-22T13:46:58.439Z - info: itemsProcessed:  10
2017-05-22T13:46:58.439Z - info: itemsProcessed:  11
2017-05-22T13:46:58.439Z - info: itemsProcessed:  12
2017-05-22T13:46:58.439Z - info: itemsProcessed:  13
2017-05-22T13:46:58.439Z - info: itemsProcessed:  14
2017-05-22T13:46:58.439Z - warn: ## Terminou tudo, chamaria o callback ##
2017-05-22T13:46:58.624Z - error: Funcionário não encontrado na base, PIS:  020068297534
2017-05-22T13:47:03.443Z - error: Funcionário não encontrado na base, PIS:  021077579359
2017-05-22T13:47:03.443Z - error: Funcionário não encontrado na base, PIS:  013678560457
2017-05-22T13:47:04.099Z - error: Funcionário não encontrado na base, PIS:  020310406654
2017-05-22T13:47:04.565Z - error: Funcionário não encontrado na base, PIS:  013196341452
2017-05-22T13:47:04.566Z - error: Funcionário não encontrado na base, PIS:  013158311452
2017-05-22T13:47:04.568Z - info: saveOrUpdateAssyncApontamento para o funcionario:  Cristiano Ronaldo
2017-05-22T13:47:04.721Z - info: saveOrUpdateAssyncApontamento para o funcionario:  Cristiano Ronaldo
2017-05-22T13:47:04.722Z - info: saveOrUpdateAssyncApontamento para o funcionario:  Cristiano Ronaldo
2017-05-22T13:47:04.723Z - info: saveOrUpdateAssyncApontamento para o funcionario:  Cristiano Ronaldo
2017-05-22T13:47:04.724Z - error: Não criou o apontamento pois a data é inválida (antes da data de admissão ou maior que a data corrente). 2017-03-24T03:00:00.000Z
2017-05-22T13:47:04.726Z - info: saveOrUpdateAssyncApontamento para o funcionario:  Cristiano Ronaldo
2017-05-22T13:47:04.858Z - info: saveOrUpdateAssyncApontamento para o funcionario:  Cristiano Ronaldo
2017-05-22T13:47:04.913Z - info: ## Criando apontamento com a data:  2017-05-16T03:00:00.000Z
2017-05-22T13:47:04.913Z - info: vai criar o apontamento:  2017-05-16T03:00:00.000Z
2017-05-22T13:47:04.928Z - info: saveOrUpdateAssyncApontamento para o funcionario:  Cristiano Ronaldo
2017-05-22T13:47:04.935Z - info: #atualização, marcações recebidas size:  4
2017-05-22T13:47:04.935Z - info: ## Atualizando apontamento com a data:  2017-05-18T03:00:00.000Z
2017-05-22T13:47:05.097Z - info: Apontamento criado com sucesso!. id:  _bsontype=ObjectID, 0=89, 1=34, 2=235, 3=216, 4=52, 5=127, 6=191, 7=26, 8=173, 9=208, 10=126, 11=250
2017-05-22T13:47:05.164Z - info: apontamento atualizado com sucesso
2017-05-22T13:47:05.172Z - info: #atualização, marcações recebidas size:  6
2017-05-22T13:47:05.172Z - info: ## Atualizando apontamento com a data:  2017-05-17T03:00:00.000Z
2017-05-22T13:47:05.313Z - info: saveOrUpdateAssyncApontamento para o funcionario:  Cristiano Ronaldo
2017-05-22T13:47:05.402Z - info: apontamento atualizado com sucesso
2017-05-22T13:47:05.490Z - info: #atualização, marcações recebidas size:  1
2017-05-22T13:47:05.490Z - info: ## Atualizando apontamento com a data:  2017-05-22T03:00:00.000Z
2017-05-22T13:47:05.492Z - info: #atualização, marcações recebidas size:  3
2017-05-22T13:47:05.492Z - info: ## Atualizando apontamento com a data:  2017-05-19T03:00:00.000Z
2017-05-22T13:47:05.500Z - info: ## Criando apontamento com a data:  2017-05-15T03:00:00.000Z
2017-05-22T13:47:05.501Z - info: vai criar o apontamento:  2017-05-15T03:00:00.000Z
2017-05-22T13:47:05.734Z - info: apontamento atualizado com sucesso
2017-05-22T13:47:05.734Z - info: apontamento atualizado com sucesso
2017-05-22T13:47:05.736Z - info: Apontamento criado com sucesso!. id:  _bsontype=ObjectID, 0=89, 1=34, 2=235, 3=217, 4=52, 5=127, 6=191, 7=26, 8=173, 9=208, 10=126, 11=255
2017-05-22T13:47:05.956Z - info: #atualização, marcações recebidas size:  2
2017-05-22T13:47:05.957Z - info: ## Atualizando apontamento com a data:  2017-05-20T03:00:00.000Z
2017-05-22T13:47:06.177Z - info: apontamento atualizado com sucesso
