2018-02-26T00:49:13.829Z - info: Iniciando Serviço de Obtenção dos arquivos dos REPs: 
2018-02-26T00:49:13.832Z - info: #Iniciando request:  2018-02-26T00:49:13.830Z
2018-02-26T00:49:13.833Z - info: #Request Número:  0
2018-02-26T00:49:16.879Z - error: process on - uncaughtException
2018-02-26T00:49:16.881Z - error:  TypeError: Cannot read property 'then' of undefined
    at Request._callback (/home/gilliard/Node/RHPontum/REPServiceAGR1_6774.js:99:46)
    at Request.self.callback (/home/gilliard/Node/RHPontum/node_modules/request/request.js:188:22)
    at emitTwo (events.js:106:13)
    at Request.emit (events.js:194:7)
    at Request.<anonymous> (/home/gilliard/Node/RHPontum/node_modules/request/request.js:1171:10)
    at emitOne (events.js:96:13)
    at Request.emit (events.js:191:7)
    at IncomingMessage.<anonymous> (/home/gilliard/Node/RHPontum/node_modules/request/request.js:1091:12)
    at Object.onceWrapper (events.js:293:19)
    at emitNone (events.js:91:20)
    at IncomingMessage.emit (events.js:188:7)
    at endReadableNT (_stream_readable.js:975:12)
    at _combinedTickCallback (internal/process/next_tick.js:80:11)
    at process._tickCallback (internal/process/next_tick.js:104:9)
2018-02-26T00:49:22.038Z - info: Ultima NSR processada:  000005903
2018-02-26T00:49:22.039Z - info: Hora do readFile!
2018-02-26T00:49:22.047Z - info: Encontrou , ativando busca 
2018-02-26T00:49:22.048Z - info: Quantidade de marcações:  1
2018-02-26T00:49:22.049Z - info: hashMapSize:  1
2018-02-26T00:49:22.058Z - info: itemsProcessed:  1
2018-02-26T00:49:22.058Z - warn: ## Terminou tudo, chamaria o callback ##
2018-02-26T00:49:23.552Z - info: ## Apontamento atualizado com sucesso 2018-02-25T03:00:00.000Z
2018-02-26T00:54:04.512Z - info: Iniciando Serviço de Obtenção dos arquivos dos REPs: 
2018-02-26T00:54:04.519Z - info: #Iniciando request:  2018-02-26T00:54:04.515Z
2018-02-26T00:54:04.520Z - info: #Request Número:  0
2018-02-26T00:54:09.565Z - info: Ultima NSR processada:  000005801
2018-02-26T00:54:09.566Z - info: Hora do readFile!
2018-02-26T00:54:09.575Z - info: Encontrou , ativando busca 
2018-02-26T00:54:09.578Z - info: Quantidade de marcações:  101
2018-02-26T00:54:09.578Z - info: hashMapSize:  34
2018-02-26T00:54:09.610Z - info: itemsProcessed:  34
2018-02-26T00:54:09.611Z - warn: ## Terminou tudo, chamaria o callback ##
2018-02-26T00:54:12.246Z - info: ## Apontamento atualizado com sucesso 2018-02-23T03:00:00.000Z
2018-02-26T00:54:12.247Z - info: ## Apontamento atualizado com sucesso 2018-02-24T03:00:00.000Z
2018-02-26T00:54:12.255Z - info: ## Apontamento atualizado com sucesso 2018-02-24T03:00:00.000Z
2018-02-26T00:54:12.313Z - info: ## Apontamento atualizado com sucesso 2018-02-25T03:00:00.000Z
2018-02-26T00:54:12.361Z - info: ## Apontamento atualizado com sucesso 2018-02-25T03:00:00.000Z
2018-02-26T00:54:12.396Z - info: ## Apontamento atualizado com sucesso 2018-02-24T03:00:00.000Z
2018-02-26T00:54:12.397Z - info: ## Apontamento atualizado com sucesso 2018-02-23T03:00:00.000Z
2018-02-26T00:54:12.398Z - info: ## Apontamento atualizado com sucesso 2018-02-23T03:00:00.000Z
2018-02-26T00:54:12.398Z - info: ## Apontamento atualizado com sucesso 2018-02-23T03:00:00.000Z
2018-02-26T00:54:12.398Z - info: ## Apontamento atualizado com sucesso 2018-02-25T03:00:00.000Z
2018-02-26T00:54:12.399Z - info: ## Apontamento atualizado com sucesso 2018-02-23T03:00:00.000Z
2018-02-26T00:54:12.400Z - info: ## Apontamento atualizado com sucesso 2018-02-25T03:00:00.000Z
2018-02-26T00:54:12.400Z - info: ## Apontamento atualizado com sucesso 2018-02-22T03:00:00.000Z
2018-02-26T00:54:12.400Z - info: ## Apontamento atualizado com sucesso 2018-02-23T03:00:00.000Z
2018-02-26T00:54:12.435Z - info: ## Apontamento atualizado com sucesso 2018-02-25T03:00:00.000Z
2018-02-26T00:54:12.435Z - info: ## Apontamento atualizado com sucesso 2018-02-24T03:00:00.000Z
2018-02-26T00:54:12.444Z - info: ## Apontamento atualizado com sucesso 2018-02-23T03:00:00.000Z
2018-02-26T00:54:12.445Z - info: ## Apontamento atualizado com sucesso 2018-02-23T03:00:00.000Z
2018-02-26T00:54:12.446Z - info: ## Apontamento atualizado com sucesso 2018-02-24T03:00:00.000Z
2018-02-26T00:54:12.515Z - info: ## Apontamento atualizado com sucesso 2018-02-24T03:00:00.000Z
2018-02-26T00:54:12.517Z - info: ## Apontamento atualizado com sucesso 2018-02-24T03:00:00.000Z
2018-02-26T00:54:12.517Z - info: ## Apontamento atualizado com sucesso 2018-02-23T03:00:00.000Z
2018-02-26T00:54:12.518Z - info: ## Apontamento atualizado com sucesso 2018-02-24T03:00:00.000Z
2018-02-26T00:54:12.519Z - info: ## Apontamento atualizado com sucesso 2018-02-23T03:00:00.000Z
2018-02-26T00:54:12.519Z - info: ## Apontamento atualizado com sucesso 2018-02-24T03:00:00.000Z
2018-02-26T00:54:12.520Z - info: ## Apontamento atualizado com sucesso 2018-02-25T03:00:00.000Z
2018-02-26T00:54:12.521Z - info: ## Apontamento atualizado com sucesso 2018-02-23T03:00:00.000Z
2018-02-26T00:54:12.522Z - info: ## Apontamento atualizado com sucesso 2018-02-23T03:00:00.000Z
2018-02-26T00:54:12.559Z - info: ## Apontamento atualizado com sucesso 2018-02-23T03:00:00.000Z
2018-02-26T00:54:12.559Z - info: ## Apontamento atualizado com sucesso 2018-02-24T03:00:00.000Z
2018-02-26T00:54:12.560Z - info: ## Apontamento atualizado com sucesso 2018-02-23T03:00:00.000Z
2018-02-26T00:54:12.561Z - info: ## Apontamento atualizado com sucesso 2018-02-24T03:00:00.000Z
2018-02-26T00:54:12.562Z - info: ## Apontamento atualizado com sucesso 2018-02-24T03:00:00.000Z
2018-02-26T00:54:12.562Z - info: ## Apontamento atualizado com sucesso 2018-02-24T03:00:00.000Z
2018-02-26T00:55:09.613Z - info: #Iniciando request:  2018-02-26T00:55:09.612Z
2018-02-26T00:55:09.613Z - info: #Request Número:  0
2018-02-26T00:55:29.637Z - error: Aconteceu um erro na comunicação com o arquivo local do REP, código do erro:  Error: getaddrinfo EAI_AGAIN s3-sa-east-1.amazonaws.com:443
    at Object.exports._errnoException (util.js:1034:11)
    at errnoException (dns.js:33:15)
    at GetAddrInfoReqWrap.onlookup [as oncomplete] (dns.js:73:26)
2018-02-26T00:56:29.642Z - info: #Iniciando request:  2018-02-26T00:56:29.642Z
2018-02-26T00:56:29.643Z - info: #Request Número:  0
2018-02-26T00:56:51.805Z - info: Ultima NSR processada:  000005903
2018-02-26T00:56:51.805Z - info: Hora do readFile!
2018-02-26T00:56:51.815Z - info: Encontrou , ativando busca 
2018-02-26T00:56:51.816Z - info: Quantidade de marcações:  1
2018-02-26T00:56:51.816Z - info: hashMapSize:  1
2018-02-26T00:56:51.820Z - info: itemsProcessed:  1
2018-02-26T00:56:51.821Z - warn: ## Terminou tudo, chamaria o callback ##
2018-02-26T00:56:54.189Z - info: ## Apontamento atualizado com sucesso 2018-02-25T03:00:00.000Z
2018-02-26T00:57:51.825Z - info: #Iniciando request:  2018-02-26T00:57:51.825Z
2018-02-26T00:57:51.825Z - info: #Request Número:  0
2018-02-26T00:57:52.803Z - info: Ultima NSR processada:  000005903
2018-02-26T00:57:52.803Z - info: Hora do readFile!
2018-02-26T00:57:52.810Z - info: Encontrou , ativando busca 
2018-02-26T00:57:52.811Z - info: Quantidade de marcações:  1
2018-02-26T00:57:52.811Z - info: hashMapSize:  1
2018-02-26T00:57:52.812Z - info: itemsProcessed:  1
2018-02-26T00:57:52.813Z - warn: ## Terminou tudo, chamaria o callback ##
2018-02-26T00:57:56.392Z - info: ## Apontamento atualizado com sucesso 2018-02-25T03:00:00.000Z
2018-02-26T01:06:02.770Z - info: Iniciando Serviço de Obtenção dos arquivos dos REPs: 
2018-02-26T01:06:02.778Z - info: #Iniciando request:  2018-02-26T01:06:02.773Z
2018-02-26T01:06:02.778Z - info: #Request Número:  0
2018-02-26T01:06:12.456Z - info: Ultima NSR processada:  000005903
2018-02-26T01:06:12.456Z - info: Hora do readFile!
2018-02-26T01:06:12.465Z - info: Encontrou , ativando busca 
2018-02-26T01:06:12.466Z - info: Quantidade de marcações:  1
2018-02-26T01:06:12.466Z - info: hashMapSize:  1
2018-02-26T01:06:12.472Z - error: process on - uncaughtException
2018-02-26T01:06:12.473Z - error:  TypeError: Cannot read property 'then' of undefined
    at iterateHashAndSaveDB (/home/gilliard/Node/RHPontum/REPServiceAGR1_6774.js:271:47)
    at Interface.<anonymous> (/home/gilliard/Node/RHPontum/REPServiceAGR1_6774.js:234:9)
    at emitNone (events.js:91:20)
    at Interface.emit (events.js:188:7)
    at Interface.close (readline.js:328:8)
    at Readable.onend (readline.js:109:10)
    at emitNone (events.js:86:13)
    at Readable.emit (events.js:188:7)
    at endReadableNT (_stream_readable.js:975:12)
    at _combinedTickCallback (internal/process/next_tick.js:80:11)
    at process._tickCallback (internal/process/next_tick.js:104:9)
2018-02-26T01:07:41.953Z - info: Iniciando Serviço de Obtenção dos arquivos dos REPs: 
2018-02-26T01:07:41.960Z - info: #Iniciando request:  2018-02-26T01:07:41.955Z
2018-02-26T01:07:41.960Z - info: #Request Número:  0
2018-02-26T01:07:47.499Z - info: Ultima NSR processada:  000005903
2018-02-26T01:07:47.500Z - info: Hora do readFile!
2018-02-26T01:07:47.506Z - info: Encontrou , ativando busca 
2018-02-26T01:07:47.509Z - info: Quantidade de marcações:  1
2018-02-26T01:07:47.509Z - info: hashMapSize:  1
2018-02-26T01:07:47.513Z - info: itemsProcessed:  1
2018-02-26T01:07:47.513Z - warn: ## Terminou tudo, chamaria o callback ##
2018-02-26T01:07:48.287Z - info: ## Apontamento atualizado com sucesso 2018-02-25T03:00:00.000Z
2018-02-26T01:08:12.286Z - info: Iniciando Serviço de Obtenção dos arquivos dos REPs: 
2018-02-26T01:08:12.292Z - info: #Iniciando request:  2018-02-26T01:08:12.288Z
2018-02-26T01:08:12.292Z - info: #Request Número:  0
2018-02-26T01:08:17.392Z - info: Ultima NSR processada:  000005701
2018-02-26T01:08:17.393Z - info: Hora do readFile!
2018-02-26T01:08:17.405Z - info: Encontrou , ativando busca 
2018-02-26T01:08:17.409Z - info: Quantidade de marcações:  200
2018-02-26T01:08:17.410Z - info: hashMapSize:  64
2018-02-26T01:08:17.434Z - info: itemsProcessed:  64
2018-02-26T01:08:17.434Z - warn: ## Terminou tudo, chamaria o callback ##
2018-02-26T01:08:21.096Z - info: ## Apontamento atualizado com sucesso 2018-02-23T03:00:00.000Z
2018-02-26T01:08:21.097Z - info: ## Apontamento atualizado com sucesso 2018-02-21T03:00:00.000Z
2018-02-26T01:08:21.098Z - info: ## Apontamento atualizado com sucesso 2018-02-24T03:00:00.000Z
2018-02-26T01:08:21.099Z - info: ## Apontamento atualizado com sucesso 2018-02-21T03:00:00.000Z
2018-02-26T01:08:21.108Z - info: ## Apontamento atualizado com sucesso 2018-02-24T03:00:00.000Z
2018-02-26T01:08:21.172Z - info: ## Apontamento atualizado com sucesso 2018-02-21T03:00:00.000Z
2018-02-26T01:08:21.172Z - info: ## Apontamento atualizado com sucesso 2018-02-21T03:00:00.000Z
2018-02-26T01:08:21.173Z - info: ## Apontamento atualizado com sucesso 2018-02-23T03:00:00.000Z
2018-02-26T01:08:21.173Z - info: ## Apontamento atualizado com sucesso 2018-02-21T03:00:00.000Z
2018-02-26T01:08:21.174Z - info: ## Apontamento atualizado com sucesso 2018-02-22T03:00:00.000Z
2018-02-26T01:08:21.174Z - info: ## Apontamento atualizado com sucesso 2018-02-22T03:00:00.000Z
2018-02-26T01:08:21.175Z - info: ## Apontamento atualizado com sucesso 2018-02-24T03:00:00.000Z
2018-02-26T01:08:21.176Z - info: ## Apontamento atualizado com sucesso 2018-02-21T03:00:00.000Z
2018-02-26T01:08:21.176Z - info: ## Apontamento atualizado com sucesso 2018-02-21T03:00:00.000Z
2018-02-26T01:08:21.223Z - info: ## Apontamento atualizado com sucesso 2018-02-23T03:00:00.000Z
2018-02-26T01:08:21.224Z - info: ## Apontamento atualizado com sucesso 2018-02-22T03:00:00.000Z
2018-02-26T01:08:21.225Z - info: ## Apontamento atualizado com sucesso 2018-02-25T03:00:00.000Z
2018-02-26T01:08:21.225Z - info: ## Apontamento atualizado com sucesso 2018-02-23T03:00:00.000Z
2018-02-26T01:08:21.226Z - info: ## Apontamento atualizado com sucesso 2018-02-24T03:00:00.000Z
2018-02-26T01:08:21.229Z - info: ## Apontamento atualizado com sucesso 2018-02-23T03:00:00.000Z
2018-02-26T01:08:21.230Z - info: ## Apontamento atualizado com sucesso 2018-02-22T03:00:00.000Z
2018-02-26T01:08:21.230Z - info: ## Apontamento atualizado com sucesso 2018-02-23T03:00:00.000Z
2018-02-26T01:08:21.231Z - info: ## Apontamento atualizado com sucesso 2018-02-22T03:00:00.000Z
2018-02-26T01:08:21.231Z - info: ## Apontamento atualizado com sucesso 2018-02-22T03:00:00.000Z
2018-02-26T01:08:21.232Z - info: ## Apontamento atualizado com sucesso 2018-02-21T03:00:00.000Z
2018-02-26T01:08:21.247Z - info: ## Apontamento atualizado com sucesso 2018-02-23T03:00:00.000Z
2018-02-26T01:08:21.247Z - info: ## Apontamento atualizado com sucesso 2018-02-21T03:00:00.000Z
2018-02-26T01:08:21.294Z - info: ## Apontamento atualizado com sucesso 2018-02-22T03:00:00.000Z
2018-02-26T01:08:21.295Z - info: ## Apontamento atualizado com sucesso 2018-02-24T03:00:00.000Z
2018-02-26T01:08:21.295Z - info: ## Apontamento atualizado com sucesso 2018-02-22T03:00:00.000Z
2018-02-26T01:08:21.296Z - info: ## Apontamento atualizado com sucesso 2018-02-24T03:00:00.000Z
2018-02-26T01:08:21.296Z - info: ## Apontamento atualizado com sucesso 2018-02-24T03:00:00.000Z
2018-02-26T01:08:21.297Z - info: ## Apontamento atualizado com sucesso 2018-02-23T03:00:00.000Z
2018-02-26T01:08:21.297Z - info: ## Apontamento atualizado com sucesso 2018-02-23T03:00:00.000Z
2018-02-26T01:08:21.298Z - info: ## Apontamento atualizado com sucesso 2018-02-23T03:00:00.000Z
2018-02-26T01:08:21.299Z - info: ## Apontamento atualizado com sucesso 2018-02-23T03:00:00.000Z
2018-02-26T01:08:21.299Z - info: ## Apontamento atualizado com sucesso 2018-02-24T03:00:00.000Z
2018-02-26T01:08:21.299Z - info: ## Apontamento atualizado com sucesso 2018-02-24T03:00:00.000Z
2018-02-26T01:08:21.300Z - info: ## Apontamento atualizado com sucesso 2018-02-22T03:00:00.000Z
2018-02-26T01:08:21.351Z - info: ## Apontamento atualizado com sucesso 2018-02-22T03:00:00.000Z
2018-02-26T01:08:21.352Z - info: ## Apontamento atualizado com sucesso 2018-02-24T03:00:00.000Z
2018-02-26T01:08:21.352Z - info: ## Apontamento atualizado com sucesso 2018-02-22T03:00:00.000Z
2018-02-26T01:08:22.072Z - info: ## Apontamento atualizado com sucesso 2018-02-21T03:00:00.000Z
2018-02-26T01:08:22.073Z - info: ## Apontamento atualizado com sucesso 2018-02-25T03:00:00.000Z
2018-02-26T01:08:22.074Z - info: ## Apontamento atualizado com sucesso 2018-02-21T03:00:00.000Z
2018-02-26T01:08:22.151Z - info: ## Apontamento atualizado com sucesso 2018-02-24T03:00:00.000Z
2018-02-26T01:08:22.152Z - info: ## Apontamento atualizado com sucesso 2018-02-22T03:00:00.000Z
2018-02-26T01:08:22.152Z - info: ## Apontamento atualizado com sucesso 2018-02-21T03:00:00.000Z
2018-02-26T01:08:22.153Z - info: ## Apontamento atualizado com sucesso 2018-02-23T03:00:00.000Z
2018-02-26T01:08:22.153Z - info: ## Apontamento atualizado com sucesso 2018-02-23T03:00:00.000Z
2018-02-26T01:08:22.153Z - info: ## Apontamento atualizado com sucesso 2018-02-25T03:00:00.000Z
2018-02-26T01:08:22.154Z - info: ## Apontamento atualizado com sucesso 2018-02-21T03:00:00.000Z
2018-02-26T01:08:22.154Z - info: ## Apontamento atualizado com sucesso 2018-02-22T03:00:00.000Z
2018-02-26T01:08:22.154Z - info: ## Apontamento atualizado com sucesso 2018-02-22T03:00:00.000Z
2018-02-26T01:08:22.155Z - info: ## Apontamento atualizado com sucesso 2018-02-25T03:00:00.000Z
2018-02-26T01:08:22.156Z - info: ## Apontamento atualizado com sucesso 2018-02-22T03:00:00.000Z
2018-02-26T01:08:22.157Z - info: ## Apontamento atualizado com sucesso 2018-02-22T03:00:00.000Z
2018-02-26T01:08:22.157Z - info: ## Apontamento atualizado com sucesso 2018-02-24T03:00:00.000Z
2018-02-26T01:08:22.157Z - info: ## Apontamento atualizado com sucesso 2018-02-23T03:00:00.000Z
2018-02-26T01:08:22.158Z - info: ## Apontamento atualizado com sucesso 2018-02-24T03:00:00.000Z
2018-02-26T01:08:22.159Z - info: ## Apontamento atualizado com sucesso 2018-02-22T03:00:00.000Z
2018-02-26T01:08:22.159Z - info: ## Apontamento atualizado com sucesso 2018-02-25T03:00:00.000Z
2018-02-26T01:08:22.160Z - info: ## Apontamento atualizado com sucesso 2018-02-25T03:00:00.000Z
2018-02-26T01:08:22.160Z - info: ## Apontamento atualizado com sucesso 2018-02-21T03:00:00.000Z
2018-02-26T01:09:17.436Z - info: #Iniciando request:  2018-02-26T01:09:17.436Z
2018-02-26T01:09:17.436Z - info: #Request Número:  0
2018-02-26T01:09:18.367Z - info: Ultima NSR processada:  000005903
2018-02-26T01:09:18.367Z - info: Hora do readFile!
2018-02-26T01:09:18.377Z - info: Encontrou , ativando busca 
2018-02-26T01:09:18.378Z - info: Quantidade de marcações:  1
2018-02-26T01:09:18.378Z - info: hashMapSize:  1
2018-02-26T01:09:18.379Z - info: itemsProcessed:  1
2018-02-26T01:09:18.379Z - warn: ## Terminou tudo, chamaria o callback ##
2018-02-26T01:09:19.894Z - info: ## Apontamento atualizado com sucesso 2018-02-25T03:00:00.000Z
2018-02-26T01:25:25.503Z - info: Iniciando Serviço de Obtenção dos arquivos dos REPs: 
2018-02-26T01:25:25.506Z - info: #Iniciando request:  2018-02-26T01:25:25.504Z
2018-02-26T01:25:25.507Z - info: #Request Número:  0
2018-02-26T01:25:30.328Z - info: Ultima NSR processada:  000016581
2018-02-26T01:25:30.328Z - info: Hora do readFile!
2018-02-26T01:25:30.342Z - info: Encontrou , ativando busca 
2018-02-26T01:25:30.344Z - info: Quantidade de marcações:  1
2018-02-26T01:25:30.344Z - info: hashMapSize:  1
2018-02-26T01:25:30.347Z - info: itemsProcessed:  1
2018-02-26T01:25:30.347Z - warn: ## Terminou tudo, chamaria o callback ##
2018-02-26T01:25:31.093Z - info: ## Apontamento atualizado com sucesso 2018-02-25T03:00:00.000Z
2018-02-26T01:26:36.448Z - info: Iniciando Serviço de Obtenção dos arquivos dos REPs: 
2018-02-26T01:26:36.452Z - info: #Iniciando request:  2018-02-26T01:26:36.450Z
2018-02-26T01:26:36.452Z - info: #Request Número:  0
2018-02-26T01:26:41.216Z - info: Ultima NSR processada:  000004073
2018-02-26T01:26:41.217Z - info: Hora do readFile!
2018-02-26T01:26:41.221Z - info: Encontrou , ativando busca 
2018-02-26T01:26:41.222Z - info: Quantidade de marcações:  1
2018-02-26T01:26:41.222Z - info: hashMapSize:  1
2018-02-26T01:26:41.225Z - info: itemsProcessed:  1
2018-02-26T01:26:41.226Z - warn: ## Terminou tudo, chamaria o callback ##
2018-02-26T01:26:41.969Z - info: ## Apontamento atualizado com sucesso 2018-02-25T03:00:00.000Z
2018-02-26T01:27:53.018Z - info: Iniciando Serviço de Obtenção dos arquivos dos REPs: 
2018-02-26T01:27:53.022Z - info: #Iniciando request:  2018-02-26T01:27:53.020Z
2018-02-26T01:27:53.022Z - info: #Request Número:  0
2018-02-26T01:27:58.233Z - info: Ultima NSR processada:  000001512
2018-02-26T01:27:58.233Z - info: Hora do readFile!
2018-02-26T01:27:58.236Z - info: Encontrou , ativando busca 
2018-02-26T01:27:58.237Z - info: Quantidade de marcações:  1
2018-02-26T01:27:58.237Z - info: hashMapSize:  1
2018-02-26T01:27:58.240Z - info: itemsProcessed:  1
2018-02-26T01:27:58.240Z - warn: ## Terminou tudo, chamaria o callback ##
2018-02-26T01:27:59.291Z - info: ## Apontamento atualizado com sucesso 2018-02-23T03:00:00.000Z
2018-02-26T01:29:10.269Z - info: Iniciando Serviço de Obtenção dos arquivos dos REPs: 
2018-02-26T01:29:10.272Z - info: #Iniciando request:  2018-02-26T01:29:10.270Z
2018-02-26T01:29:10.272Z - info: #Request Número:  0
2018-02-26T01:29:17.268Z - info: Ultima NSR processada:  000005419
2018-02-26T01:29:17.269Z - info: Hora do readFile!
2018-02-26T01:29:17.275Z - info: Encontrou , ativando busca 
2018-02-26T01:29:17.275Z - info: Quantidade de marcações:  1
2018-02-26T01:29:17.275Z - info: hashMapSize:  1
2018-02-26T01:29:17.278Z - info: itemsProcessed:  1
2018-02-26T01:29:17.279Z - warn: ## Terminou tudo, chamaria o callback ##
2018-02-26T01:29:18.191Z - info: ## Apontamento atualizado com sucesso 2018-02-25T03:00:00.000Z
2018-02-26T01:30:14.806Z - info: Iniciando Serviço de Obtenção dos arquivos dos REPs: 
2018-02-26T01:30:14.810Z - info: #Iniciando request:  2018-02-26T01:30:14.808Z
2018-02-26T01:30:14.810Z - info: #Request Número:  0
2018-02-26T01:30:20.111Z - info: Ultima NSR processada:  000011160
2018-02-26T01:30:20.111Z - info: Hora do readFile!
2018-02-26T01:30:20.122Z - info: Encontrou , ativando busca 
2018-02-26T01:30:20.123Z - info: Quantidade de marcações:  1
2018-02-26T01:30:20.123Z - info: hashMapSize:  1
2018-02-26T01:30:20.128Z - info: itemsProcessed:  1
2018-02-26T01:30:20.128Z - warn: ## Terminou tudo, chamaria o callback ##
2018-02-26T01:30:20.854Z - info: ## Apontamento atualizado com sucesso 2018-02-25T03:00:00.000Z
