2018-02-26T00:49:16.880Z - error: process on - uncaughtException
2018-02-26T00:49:16.881Z - error:  TypeError: Cannot read property 'then' of undefined
    at Request._callback (/home/gilliard/Node/RHPontum/REPServiceAGR1_6774.js:99:46)
    at Request.self.callback (/home/gilliard/Node/RHPontum/node_modules/request/request.js:188:22)
    at emitTwo (events.js:106:13)
    at Request.emit (events.js:194:7)
    at Request.<anonymous> (/home/gilliard/Node/RHPontum/node_modules/request/request.js:1171:10)
    at emitOne (events.js:96:13)
    at Request.emit (events.js:191:7)
    at IncomingMessage.<anonymous> (/home/gilliard/Node/RHPontum/node_modules/request/request.js:1091:12)
    at Object.onceWrapper (events.js:293:19)
    at emitNone (events.js:91:20)
    at IncomingMessage.emit (events.js:188:7)
    at endReadableNT (_stream_readable.js:975:12)
    at _combinedTickCallback (internal/process/next_tick.js:80:11)
    at process._tickCallback (internal/process/next_tick.js:104:9)
2018-02-26T00:55:29.637Z - error: Aconteceu um erro na comunicação com o arquivo local do REP, código do erro:  Error: getaddrinfo EAI_AGAIN s3-sa-east-1.amazonaws.com:443
    at Object.exports._errnoException (util.js:1034:11)
    at errnoException (dns.js:33:15)
    at GetAddrInfoReqWrap.onlookup [as oncomplete] (dns.js:73:26)
2018-02-26T01:06:12.472Z - error: process on - uncaughtException
2018-02-26T01:06:12.473Z - error:  TypeError: Cannot read property 'then' of undefined
    at iterateHashAndSaveDB (/home/gilliard/Node/RHPontum/REPServiceAGR1_6774.js:271:47)
    at Interface.<anonymous> (/home/gilliard/Node/RHPontum/REPServiceAGR1_6774.js:234:9)
    at emitNone (events.js:91:20)
    at Interface.emit (events.js:188:7)
    at Interface.close (readline.js:328:8)
    at Readable.onend (readline.js:109:10)
    at emitNone (events.js:86:13)
    at Readable.emit (events.js:188:7)
    at endReadableNT (_stream_readable.js:975:12)
    at _combinedTickCallback (internal/process/next_tick.js:80:11)
    at process._tickCallback (internal/process/next_tick.js:104:9)
2018-02-26T12:20:05.836Z - error: Funcionário não encontrado na base, PIS:  088888888884
2018-02-26T12:20:05.864Z - error: Funcionário não encontrado na base, PIS:  099999999990
2018-02-26T12:20:55.560Z - error: Funcionário não encontrado na base, PIS:  020110112258
2018-02-26T12:20:56.877Z - error: Funcionário não encontrado na base, PIS:  020110112258
2018-02-26T12:20:56.878Z - error: Funcionário não encontrado na base, PIS:  020110112258
2018-02-26T12:20:56.978Z - error: Funcionário não encontrado na base, PIS:  020110112258
2018-02-26T12:20:56.978Z - error: Funcionário não encontrado na base, PIS:  020110112258
2018-02-26T12:20:56.978Z - error: Funcionário não encontrado na base, PIS:  020110112258
2018-02-26T12:20:56.978Z - error: Funcionário não encontrado na base, PIS:  020110112258
2018-02-26T12:21:00.154Z - error: Funcionário não encontrado na base, PIS:  012608939440
2018-02-26T12:21:42.449Z - error: Funcionário não encontrado na base, PIS:  016514859616
2018-02-26T12:21:42.584Z - error: Funcionário não encontrado na base, PIS:  016514859616
2018-02-26T12:21:42.586Z - error: Funcionário não encontrado na base, PIS:  016514859616
2018-02-26T12:21:42.586Z - error: Funcionário não encontrado na base, PIS:  016514859616
2018-02-26T12:21:43.395Z - error: Funcionário não encontrado na base, PIS:  016247975423
2018-02-26T12:21:43.395Z - error: Funcionário não encontrado na base, PIS:  016247975423
2018-02-26T12:21:43.578Z - error: Funcionário não encontrado na base, PIS:  016247975423
2018-02-26T12:21:43.578Z - error: Funcionário não encontrado na base, PIS:  016247975423
2018-02-26T12:21:43.579Z - error: Funcionário não encontrado na base, PIS:  016514859616
2018-02-26T12:21:43.579Z - error: Funcionário não encontrado na base, PIS:  016514859616
2018-02-26T12:21:45.426Z - error: Funcionário não encontrado na base, PIS:  016247975423
2018-02-26T12:21:45.494Z - error: Funcionário não encontrado na base, PIS:  016247975423
2018-02-26T16:44:01.413Z - error: Funcionário não encontrado na base, PIS:  016514859616
2018-02-26T16:44:01.533Z - error: Funcionário não encontrado na base, PIS:  016247975423
2018-02-26T17:22:31.247Z - error: Funcionário não encontrado na base, PIS:  088888888884
2018-02-26T17:22:31.248Z - error: Funcionário não encontrado na base, PIS:  099999999990
2018-02-26T17:23:38.263Z - error: Funcionário não encontrado na base, PIS:  020110112258
2018-02-26T17:23:38.377Z - error: Funcionário não encontrado na base, PIS:  020110112258
2018-02-26T17:24:08.111Z - error: Funcionário não encontrado na base, PIS:  016247975423
2018-02-26T17:24:08.111Z - error: Funcionário não encontrado na base, PIS:  016247975423
2018-02-26T17:24:08.112Z - error: Funcionário não encontrado na base, PIS:  016247975423
2018-02-26T17:24:08.142Z - error: Funcionário não encontrado na base, PIS:  016247975423
2018-02-26T17:24:08.205Z - error: Funcionário não encontrado na base, PIS:  016514859616
2018-02-26T17:24:08.227Z - error: Funcionário não encontrado na base, PIS:  016514859616
2018-02-26T17:24:08.249Z - error: Funcionário não encontrado na base, PIS:  016514859616
2018-02-26T17:24:08.468Z - error: Funcionário não encontrado na base, PIS:  016514859616
2018-02-26T21:45:23.349Z - error: Funcionário não encontrado na base, PIS:  088888888884
2018-02-26T21:45:23.350Z - error: Funcionário não encontrado na base, PIS:  099999999990
2018-02-26T21:46:02.276Z - error: Funcionário não encontrado na base, PIS:  020110112258
2018-02-26T21:46:02.628Z - error: Funcionário não encontrado na base, PIS:  020110112258
2018-02-26T21:46:03.199Z - error: Funcionário não encontrado na base, PIS:  020110112258
2018-02-26T21:46:28.460Z - error: Funcionário não encontrado na base, PIS:  016247975423
2018-02-26T21:46:28.531Z - error: Funcionário não encontrado na base, PIS:  016247975423
2018-02-26T21:46:28.551Z - error: Funcionário não encontrado na base, PIS:  016514859616
2018-02-26T21:46:28.779Z - error: Funcionário não encontrado na base, PIS:  016514859616
2018-02-26T21:46:28.856Z - error: Funcionário não encontrado na base, PIS:  016514859616
2018-02-26T21:46:28.905Z - error: Funcionário não encontrado na base, PIS:  016247975423
2018-02-26T21:46:28.905Z - error: Funcionário não encontrado na base, PIS:  016247975423
2018-02-26T21:46:28.919Z - error: Funcionário não encontrado na base, PIS:  016514859616
2018-02-26T23:09:59.364Z - error: Funcionário não encontrado na base, PIS:  088888888884
2018-02-26T23:09:59.379Z - error: Funcionário não encontrado na base, PIS:  099999999990
2018-02-26T23:10:32.286Z - error: Funcionário não encontrado na base, PIS:  020110112258
2018-02-26T23:10:32.287Z - error: Funcionário não encontrado na base, PIS:  020110112258
2018-02-26T23:10:52.660Z - error: Funcionário não encontrado na base, PIS:  016514859616
2018-02-26T23:10:52.902Z - error: Funcionário não encontrado na base, PIS:  016514859616
2018-02-26T23:10:52.903Z - error: Funcionário não encontrado na base, PIS:  016514859616
2018-02-26T23:10:52.996Z - error: Funcionário não encontrado na base, PIS:  016247975423
2018-02-26T23:10:53.021Z - error: Funcionário não encontrado na base, PIS:  016247975423
2018-02-26T23:10:53.208Z - error: Funcionário não encontrado na base, PIS:  016247975423
